29.07.2023 12:43:49|Debug|WebSocket.sendHttpRequest:0|A request to the server:
                          GET /ws HTTP/1.1
                          User-Agent: websocket-sharp/1.0
                          Host: stream.binance.com
                          Upgrade: websocket
                          Connection: Upgrade
                          Sec-WebSocket-Key: ACS+qxxRHewNWimDtcAHgw==
                          Sec-WebSocket-Version: 13
29.07.2023 12:43:49|Debug|WebSocket.sendHttpRequest:0|A response to this request:
                          HTTP/1.1 101 Switching Protocols
                          Date: Sat, 29 Jul 2023 07:43:51 GMT
                          Connection: upgrade
                          Upgrade: websocket
                          Sec-WebSocket-Accept: ssZZw3XFB1OBRb2a9A+tQYV1A9U=
29.07.2023 12:46:31|Debug|WebSocket.sendHttpRequest:0|A request to the server:
                          GET /ws HTTP/1.1
                          User-Agent: websocket-sharp/1.0
                          Host: stream.binance.com
                          Upgrade: websocket
                          Connection: Upgrade
                          Sec-WebSocket-Key: MIWxmnVk88FP7yPZWldM1A==
                          Sec-WebSocket-Version: 13
29.07.2023 12:46:32|Debug|WebSocket.sendHttpRequest:0|A response to this request:
                          HTTP/1.1 101 Switching Protocols
                          Date: Sat, 29 Jul 2023 07:46:33 GMT
                          Connection: upgrade
                          Upgrade: websocket
                          Sec-WebSocket-Accept: 3qzieIiA3Bb4K8dECvyOtY5ZdNE=
29.07.2023 12:47:45|Debug|WebSocket.sendHttpRequest:0|A request to the server:
                          GET /ws HTTP/1.1
                          User-Agent: websocket-sharp/1.0
                          Host: stream.binance.com
                          Upgrade: websocket
                          Connection: Upgrade
                          Sec-WebSocket-Key: XBw7uEDhaml369BUgWSOsw==
                          Sec-WebSocket-Version: 13
29.07.2023 12:47:46|Debug|WebSocket.sendHttpRequest:0|A response to this request:
                          HTTP/1.1 101 Switching Protocols
                          Date: Sat, 29 Jul 2023 07:47:47 GMT
                          Connection: upgrade
                          Upgrade: websocket
                          Sec-WebSocket-Accept: WBH8UcrEBJu3gySPIacS/FGOIOo=
29.07.2023 12:49:34|Debug|WebSocket.sendHttpRequest:0|A request to the server:
                          GET /ws HTTP/1.1
                          User-Agent: websocket-sharp/1.0
                          Host: stream.binance.com
                          Upgrade: websocket
                          Connection: Upgrade
                          Sec-WebSocket-Key: XOn5n6fuKrN6lBwyuuc9cA==
                          Sec-WebSocket-Version: 13
29.07.2023 12:49:34|Debug|WebSocket.sendHttpRequest:0|A response to this request:
                          HTTP/1.1 101 Switching Protocols
                          Date: Sat, 29 Jul 2023 07:49:36 GMT
                          Connection: upgrade
                          Upgrade: websocket
                          Sec-WebSocket-Accept: DxoO9Q5spPVK25BM40eo4lzfuxI=
29.07.2023 12:50:37|Debug|WebSocket.sendHttpRequest:0|A request to the server:
                          GET /ws HTTP/1.1
                          User-Agent: websocket-sharp/1.0
                          Host: stream.binance.com
                          Upgrade: websocket
                          Connection: Upgrade
                          Sec-WebSocket-Key: JtYtnANER9w0HEGYZSw0KQ==
                          Sec-WebSocket-Version: 13
29.07.2023 12:50:38|Debug|WebSocket.sendHttpRequest:0|A response to this request:
                          HTTP/1.1 101 Switching Protocols
                          Date: Sat, 29 Jul 2023 07:50:39 GMT
                          Connection: upgrade
                          Upgrade: websocket
                          Sec-WebSocket-Accept: EUVwXSHIW46VVR2pRBADfUEIfJ0=
29.07.2023 12:50:58|Trace|WebSocket.processPingFrame:0|Returned a Pong.
29.07.2023 12:52:22|Debug|WebSocket.sendHttpRequest:0|A request to the server:
                          GET /ws HTTP/1.1
                          User-Agent: websocket-sharp/1.0
                          Host: stream.binance.com
                          Upgrade: websocket
                          Connection: Upgrade
                          Sec-WebSocket-Key: UvWciBDmjSHogoyeFSfgkA==
                          Sec-WebSocket-Version: 13
29.07.2023 12:52:22|Debug|WebSocket.sendHttpRequest:0|A response to this request:
                          HTTP/1.1 101 Switching Protocols
                          Date: Sat, 29 Jul 2023 07:52:24 GMT
                          Connection: upgrade
                          Upgrade: websocket
                          Sec-WebSocket-Accept: iJBVJdS+TIeMn5jcHjBpQGd+Cfo=
29.07.2023 12:55:54|Debug|WebSocket.sendHttpRequest:0|A request to the server:
                          GET /ws HTTP/1.1
                          User-Agent: websocket-sharp/1.0
                          Host: stream.binance.com
                          Upgrade: websocket
                          Connection: Upgrade
                          Sec-WebSocket-Key: hqLorlj6YudzqbLnKWBMvg==
                          Sec-WebSocket-Version: 13
29.07.2023 12:55:54|Debug|WebSocket.sendHttpRequest:0|A response to this request:
                          HTTP/1.1 101 Switching Protocols
                          Date: Sat, 29 Jul 2023 07:55:56 GMT
                          Connection: upgrade
                          Upgrade: websocket
                          Sec-WebSocket-Accept: BVX9UzM6IChx+cdk+ln41uTAFAI=
29.07.2023 12:56:29|Debug|WebSocket.sendHttpRequest:0|A request to the server:
                          GET /ws HTTP/1.1
                          User-Agent: websocket-sharp/1.0
                          Host: stream.binance.com
                          Upgrade: websocket
                          Connection: Upgrade
                          Sec-WebSocket-Key: tHpK7PMA2jfMGmkI1S4/TA==
                          Sec-WebSocket-Version: 13
29.07.2023 12:56:30|Debug|WebSocket.sendHttpRequest:0|A response to this request:
                          HTTP/1.1 101 Switching Protocols
                          Date: Sat, 29 Jul 2023 07:56:31 GMT
                          Connection: upgrade
                          Upgrade: websocket
                          Sec-WebSocket-Accept: erPG8anh2594kI/EoH6pB9M0ZY4=
29.07.2023 12:57:21|Debug|WebSocket.sendHttpRequest:0|A request to the server:
                          GET /ws HTTP/1.1
                          User-Agent: websocket-sharp/1.0
                          Host: stream.binance.com
                          Upgrade: websocket
                          Connection: Upgrade
                          Sec-WebSocket-Key: rR6eaa9nbDY6sTCIzDRssw==
                          Sec-WebSocket-Version: 13
29.07.2023 12:57:22|Debug|WebSocket.sendHttpRequest:0|A response to this request:
                          HTTP/1.1 101 Switching Protocols
                          Date: Sat, 29 Jul 2023 07:57:23 GMT
                          Connection: upgrade
                          Upgrade: websocket
                          Sec-WebSocket-Accept: 0RFve7NVDk33nWsFbrCibM+rxfw=
29.07.2023 12:59:23|Trace|WebSocket.processPingFrame:0|Returned a Pong.
29.07.2023 13:02:23|Trace|WebSocket.processPingFrame:0|Returned a Pong.
29.07.2023 13:06:05|Debug|WebSocket.sendHttpRequest:0|A request to the server:
                          GET /ws HTTP/1.1
                          User-Agent: websocket-sharp/1.0
                          Host: stream.binance.com
                          Upgrade: websocket
                          Connection: Upgrade
                          Sec-WebSocket-Key: df7ge5KJ3pSeHDw01w11MQ==
                          Sec-WebSocket-Version: 13
29.07.2023 13:06:06|Debug|WebSocket.sendHttpRequest:0|A response to this request:
                          HTTP/1.1 101 Switching Protocols
                          Date: Sat, 29 Jul 2023 08:06:07 GMT
                          Connection: upgrade
                          Upgrade: websocket
                          Sec-WebSocket-Accept: 4/orfD1tkcEvL6mGx+OIP76Ugtg=
29.07.2023 13:06:47|Debug|WebSocket.sendHttpRequest:0|A request to the server:
                          GET /ws HTTP/1.1
                          User-Agent: websocket-sharp/1.0
                          Host: stream.binance.com
                          Upgrade: websocket
                          Connection: Upgrade
                          Sec-WebSocket-Key: BhcCKNM73K0ncjL6vKXI2g==
                          Sec-WebSocket-Version: 13
29.07.2023 13:06:48|Debug|WebSocket.sendHttpRequest:0|A response to this request:
                          HTTP/1.1 101 Switching Protocols
                          Date: Sat, 29 Jul 2023 08:06:49 GMT
                          Connection: upgrade
                          Upgrade: websocket
                          Sec-WebSocket-Accept: qxhfOrSEFWaduHUWVo/YthLMepg=
29.07.2023 13:12:23|Debug|WebSocket.sendHttpRequest:0|A request to the server:
                          GET /ws HTTP/1.1
                          User-Agent: websocket-sharp/1.0
                          Host: stream.binance.com
                          Upgrade: websocket
                          Connection: Upgrade
                          Sec-WebSocket-Key: NnLSDH5KqL98e+G9c0rVzQ==
                          Sec-WebSocket-Version: 13
29.07.2023 13:12:24|Debug|WebSocket.sendHttpRequest:0|A response to this request:
                          HTTP/1.1 101 Switching Protocols
                          Date: Sat, 29 Jul 2023 08:12:25 GMT
                          Connection: upgrade
                          Upgrade: websocket
                          Sec-WebSocket-Accept: yjEMTK1TIbv3vhhQrZQ3lVnz1kY=
29.07.2023 13:18:57|Debug|WebSocket.sendHttpRequest:0|A request to the server:
                          GET /ws HTTP/1.1
                          User-Agent: websocket-sharp/1.0
                          Host: stream.binance.com
                          Upgrade: websocket
                          Connection: Upgrade
                          Sec-WebSocket-Key: dRZKKyJoxHWGRrNg1tfE+w==
                          Sec-WebSocket-Version: 13
29.07.2023 13:18:58|Debug|WebSocket.sendHttpRequest:0|A response to this request:
                          HTTP/1.1 101 Switching Protocols
                          Date: Sat, 29 Jul 2023 08:18:59 GMT
                          Connection: upgrade
                          Upgrade: websocket
                          Sec-WebSocket-Accept: cA6+8zSmGQq8b7cCjVUFnj2KMgo=
29.07.2023 13:20:55|Debug|WebSocket.sendHttpRequest:0|A request to the server:
                          GET /ws HTTP/1.1
                          User-Agent: websocket-sharp/1.0
                          Host: stream.binance.com
                          Upgrade: websocket
                          Connection: Upgrade
                          Sec-WebSocket-Key: 1HHGDpMbSNEBKfO8itwaew==
                          Sec-WebSocket-Version: 13
29.07.2023 13:20:55|Debug|WebSocket.sendHttpRequest:0|A response to this request:
                          HTTP/1.1 101 Switching Protocols
                          Date: Sat, 29 Jul 2023 08:20:56 GMT
                          Connection: upgrade
                          Upgrade: websocket
                          Sec-WebSocket-Accept: 27UYcLJ3UqDoJrme0GiOiXdJGl4=
29.07.2023 13:22:41|Debug|WebSocket.sendHttpRequest:0|A request to the server:
                          GET /ws HTTP/1.1
                          User-Agent: websocket-sharp/1.0
                          Host: stream.binance.com
                          Upgrade: websocket
                          Connection: Upgrade
                          Sec-WebSocket-Key: hlqJdax9i5dzPE+e9tB0iA==
                          Sec-WebSocket-Version: 13
29.07.2023 13:22:42|Debug|WebSocket.sendHttpRequest:0|A response to this request:
                          HTTP/1.1 101 Switching Protocols
                          Date: Sat, 29 Jul 2023 08:22:43 GMT
                          Connection: upgrade
                          Upgrade: websocket
                          Sec-WebSocket-Accept: BTxCV6AR9FWBS6d+/wHvsR/+NAY=
